<?xml version="1.0" encoding="UTF-8"?>
<!-- Generated by org.testng.reporters.JUnitReportReporter -->
<testsuite hostname="DESKTOP-ITT74N3" failures="0" tests="5" name="cucumberOptions.TestNGRunner" time="0.848" errors="0" timestamp="2024-06-12T23:40:21 IST" skipped="0">
  <testcase classname="cucumberOptions.TestNGRunner" name="runScenario" time="0.049"/>
  <testcase classname="cucumberOptions.TestNGRunner" name="runScenario" time="0.015"/>
  <testcase classname="cucumberOptions.TestNGRunner" name="runScenario" time="0.016"/>
  <testcase classname="cucumberOptions.TestNGRunner" name="runScenario" time="0.016"/>
  <testcase classname="cucumberOptions.TestNGRunner" name="runScenario" time="0.752"/>
</testsuite> <!-- cucumberOptions.TestNGRunner -->
