<?xml version="1.0" encoding="UTF-8"?>
<!-- Generated by org.testng.reporters.JUnitReportReporter -->
<testsuite hostname="DESKTOP-ITT74N3" failures="0" tests="2" name="rahulshettyacademy.tests.SubmitOrderTest2" time="16.927" errors="0" timestamp="2024-07-02T23:43:37 IST" skipped="0">
  <testcase classname="rahulshettyacademy.tests.SubmitOrderTest2" name="OrderHistoryTest" time="9.626"/>
  <system-out/>
  <testcase classname="rahulshettyacademy.tests.SubmitOrderTest2" name="SubmitOrder" time="7.301"/>
  <system-out/>
</testsuite> <!-- rahulshettyacademy.tests.SubmitOrderTest2 -->
