<?xml version="1.0" encoding="UTF-8"?>
<!-- Generated by org.testng.reporters.JUnitReportReporter -->
<testsuite hostname="DESKTOP-ITT74N3" failures="0" tests="2" name="rahulshettyacademy.tests.SubmitOrderTest3_Hashmap" time="18.490" errors="0" timestamp="2024-07-03T00:18:43 IST" skipped="0">
  <testcase classname="rahulshettyacademy.tests.SubmitOrderTest3_Hashmap" name="SubmitOrder" time="10.473"/>
  <system-out/>
  <testcase classname="rahulshettyacademy.tests.SubmitOrderTest3_Hashmap" name="SubmitOrder" time="8.017"/>
  <system-out/>
</testsuite> <!-- rahulshettyacademy.tests.SubmitOrderTest3_Hashmap -->
