<?xml version="1.0" encoding="UTF-8"?>
<!-- Generated by org.testng.reporters.JUnitReportReporter -->
<testsuite hostname="DESKTOP-ITT74N3" failures="0" tests="2" name="rahulshettyacademy.tests.SubmitOrderTest2" time="9.733" errors="0" timestamp="2024-06-25T20:49:12 IST" skipped="0">
  <testcase classname="rahulshettyacademy.tests.SubmitOrderTest2" name="OrderHistoryTest" time="5.139"/>
  <system-out/>
  <testcase classname="rahulshettyacademy.tests.SubmitOrderTest2" name="SubmitOrder" time="4.594"/>
  <system-out/>
</testsuite> <!-- rahulshettyacademy.tests.SubmitOrderTest2 -->
