<?xml version="1.0" encoding="UTF-8"?>
<!-- Generated by org.testng.reporters.JUnitReportReporter -->
<testsuite hostname="DESKTOP-ITT74N3" failures="0" tests="1" name="rahulshettyacademy.tests.ErrorValidations" time="11.621" errors="0" timestamp="2024-06-25T18:50:56 IST" skipped="0">
  <testcase classname="rahulshettyacademy.tests.ErrorValidations" name="SubmitOrder" time="11.621"/>
  <system-out/>
</testsuite> <!-- rahulshettyacademy.tests.ErrorValidations -->
