<?xml version="1.0" encoding="UTF-8"?>
<!-- Generated by org.testng.reporters.JUnitReportReporter -->
<testsuite hostname="DESKTOP-ITT74N3" failures="0" tests="2" name="rahulshettyacademy.tests.SubmitOrderTest3_parameterization" time="18.202" errors="0" timestamp="2024-07-03T00:04:48 IST" skipped="0">
  <testcase classname="rahulshettyacademy.tests.SubmitOrderTest3_parameterization" name="SubmitOrder" time="7.348"/>
  <system-out/>
  <testcase classname="rahulshettyacademy.tests.SubmitOrderTest3_parameterization" name="SubmitOrder" time="10.854"/>
  <system-out/>
</testsuite> <!-- rahulshettyacademy.tests.SubmitOrderTest3_parameterization -->
