<?xml version="1.0" encoding="UTF-8"?>
<!-- Generated by org.testng.reporters.JUnitReportReporter -->
<testsuite hostname="KAPILKAK01" failures="0" tests="2" name="rahulshettyacademy.tests.SubmitOrderTest2" time="10.247" errors="0" timestamp="2024-06-27T10:38:09 IST" skipped="0">
  <testcase classname="rahulshettyacademy.tests.SubmitOrderTest2" name="SubmitOrder" time="7.647"/>
  <system-out/>
  <testcase classname="rahulshettyacademy.tests.SubmitOrderTest2" name="OrderHistoryTest" time="2.600"/>
  <system-out/>
</testsuite> <!-- rahulshettyacademy.tests.SubmitOrderTest2 -->
