<?xml version="1.0" encoding="UTF-8"?>
<!-- Generated by org.testng.reporters.JUnitReportReporter -->
<testsuite hostname="DESKTOP-ITT74N3" failures="0" tests="3" name="test.Business_Loan" time="0.025" errors="0" timestamp="2024-06-11T23:44:51 IST" skipped="0">
  <testcase classname="test.Business_Loan" name="WebBusinessLoanLogin" time="0.002"/>
  <system-out/>
  <testcase classname="test.Business_Loan" name="MobileBusinessLoanLogin" time="0.003"/>
  <system-out/>
  <testcase classname="test.Business_Loan" name="APIBusinessLoanLogin" time="0.020"/>
  <system-out/>
</testsuite> <!-- test.Business_Loan -->
