<?xml version="1.0" encoding="UTF-8"?>
<!-- Generated by org.testng.reporters.JUnitReportReporter -->
<testsuite hostname="DESKTOP-ITT74N3" failures="0" tests="3" name="test.Car_Loan" time="0.004" errors="0" timestamp="2024-06-11T23:03:24 IST" skipped="0">
  <testcase classname="test.Car_Loan" name="MobileCarLoanLogin" time="0.001"/>
  <system-out/>
  <testcase classname="test.Car_Loan" name="WebCarLoanLogin" time="0.001"/>
  <system-out/>
  <testcase classname="test.Car_Loan" name="APICarLoanLogin" time="0.002"/>
  <system-out/>
</testsuite> <!-- test.Car_Loan -->
