<?xml version="1.0" encoding="UTF-8"?>
<!-- Generated by org.testng.reporters.JUnitReportReporter -->
<testsuite hostname="DESKTOP-ITT74N3" failures="0" tests="3" name="test.Home_Loan" time="0.008" errors="0" timestamp="2024-06-11T23:44:51 IST" skipped="0">
  <testcase classname="test.Home_Loan" name="WebHomeLoanLogin" time="0.003"/>
  <system-out/>
  <testcase classname="test.Home_Loan" name="MobileHomeLoanLogin" time="0.002"/>
  <system-out/>
  <testcase classname="test.Home_Loan" name="APIHomeLoanLogin" time="0.003"/>
  <system-out/>
</testsuite> <!-- test.Home_Loan -->
