<?xml version="1.0" encoding="UTF-8"?>
<!-- Generated by org.testng.reporters.JUnitReportReporter -->
<testsuite hostname="KAPILKAK01" failures="0" tests="1" name="TestngDemo.ChildClass" time="0.031" errors="0" timestamp="2024-06-08T22:09:15 IST" skipped="0">
  <testcase classname="TestngDemo.ChildClass" name="Run" time="0.031"/>
</testsuite> <!-- TestngDemo.ChildClass -->
