<?xml version="1.0" encoding="UTF-8"?>
<!-- Generated by org.testng.reporters.JUnitReportReporter -->
<testsuite hostname="KAPILKAK01" failures="0" tests="1" name="TestngDemo.day2" time="0.001" errors="0" timestamp="2024-06-08T15:47:48 IST" skipped="0">
  <testcase classname="TestngDemo.day2" name="ploan" time="0.001"/>
</testsuite> <!-- TestngDemo.day2 -->
