<?xml version="1.0" encoding="UTF-8"?>
<!-- Generated by org.testng.reporters.JUnitReportReporter -->
<testsuite hostname="KAPILKAK01" failures="0" tests="3" name="TestngDemo.day3" time="0.005" errors="0" timestamp="2024-06-08T15:47:48 IST" skipped="0">
  <testcase classname="TestngDemo.day3" name="LoginAPILoan" time="0.001"/>
  <testcase classname="TestngDemo.day3" name="webloginCarLoan" time="0.002"/>
  <testcase classname="TestngDemo.day3" name="login" time="0.002"/>
</testsuite> <!-- TestngDemo.day3 -->
