<?xml version="1.0" encoding="UTF-8"?>
<!-- Generated by org.testng.reporters.JUnitReportReporter -->
<testsuite hostname="KAPILKAK01" failures="0" tests="2" name="TestngDemo.day1" time="0.010" errors="0" timestamp="2024-06-08T15:47:48 IST" skipped="0">
  <testcase classname="TestngDemo.day1" name="Demo" time="0.008"/>
  <testcase classname="TestngDemo.day1" name="practice" time="0.002"/>
</testsuite> <!-- TestngDemo.day1 -->
